Build started 29/11/2017 20:44:39.
     1>Project "D:\Utilisateurs\Downloads\MachineLearning\ML\MLLib\MLLib.vcxproj" on node 2 (Build target(s)).
     1>ClCompile:
         C:\Program Files (x86)\Microsoft Visual Studio 14.0\VC\bin\x86_amd64\CL.exe /c /I..\..\Eigen /ZI /nologo /W3 /WX- /Od /D _DEBUG /D _WINDOWS /D _USRDLL /D MLLIB_EXPORTS /D _WINDLL /D _UNICODE /D UNICODE /Gm /EHsc /RTC1 /MDd /GS /fp:precise /Zc:wchar_t /Zc:forScope /Zc:inline /Yu"stdafx.h" /Fp"x64\Debug\MLLib.pch" /Fo"x64\Debug\\" /Fd"x64\Debug\vc140.pdb" /Gd /TP /errorReport:prompt MLLib.cpp
         MLLib.cpp
     1>d:\utilisateurs\downloads\machinelearning\ml\mllib\mllib.cpp(86): warning C4244: 'initializing': conversion from 'Eigen::EigenBase<Derived>::Index' to 'int', possible loss of data
                 with
                 [
                     Derived=Eigen::Matrix<double,-1,1,0,-1,1>
                 ]
     1>d:\utilisateurs\downloads\machinelearning\ml\mllib\mllib.cpp(90): warning C4244: '=': conversion from 'double' to 'float', possible loss of data
     1>d:\utilisateurs\downloads\machinelearning\ml\mllib\mllib.cpp(115): warning C4244: 'initializing': conversion from 'Eigen::EigenBase<Derived>::Index' to 'int', possible loss of data
                 with
                 [
                     Derived=Eigen::Matrix<double,-1,1,0,-1,1>
                 ]
     1>d:\utilisateurs\downloads\machinelearning\ml\mllib\mllib.cpp(119): warning C4244: '=': conversion from 'double' to 'float', possible loss of data
     1>d:\utilisateurs\downloads\machinelearning\ml\mllib\mllib.cpp(129): warning C4244: '+=': conversion from 'double' to 'float', possible loss of data
     1>d:\utilisateurs\downloads\machinelearning\ml\mllib\mllib.cpp(155): warning C4244: '=': conversion from 'double' to 'float', possible loss of data
       Link:
         C:\Program Files (x86)\Microsoft Visual Studio 14.0\VC\bin\x86_amd64\link.exe /ERRORREPORT:PROMPT /OUT:"D:\Utilisateurs\Downloads\MachineLearning\ML\x64\Debug\MLLib.dll" /INCREMENTAL /NOLOGO kernel32.lib user32.lib gdi32.lib winspool.lib comdlg32.lib advapi32.lib shell32.lib ole32.lib oleaut32.lib uuid.lib odbc32.lib odbccp32.lib /MANIFEST /MANIFESTUAC:"level='asInvoker' uiAccess='false'" /manifest:embed /Debug /PDB:"D:\Utilisateurs\Downloads\MachineLearning\ML\x64\Debug\MLLib.pdb" /SUBSYSTEM:WINDOWS /TLBID:1 /DYNAMICBASE /NXCOMPAT /IMPLIB:"D:\Utilisateurs\Downloads\MachineLearning\ML\x64\Debug\MLLib.lib" /MACHINE:X64 /DLL x64\Debug\dllmain.obj
         x64\Debug\MLLib.obj
         x64\Debug\stdafx.obj
         MLLib.vcxproj -> D:\Utilisateurs\Downloads\MachineLearning\ML\x64\Debug\MLLib.dll
     1>Done Building Project "D:\Utilisateurs\Downloads\MachineLearning\ML\MLLib\MLLib.vcxproj" (Build target(s)).

Build succeeded.

Time Elapsed 00:00:02.01
