f:\5a_3djv\machinelearning\c++\ml\ml\x64\debug\vc141.pdb
f:\5a_3djv\machinelearning\c++\ml\ml\x64\debug\vc141.idb
f:\5a_3djv\machinelearning\c++\ml\ml\x64\debug\source.obj
f:\5a_3djv\machinelearning\c++\ml\ml\x64\debug\linearyclassification.obj
f:\5a_3djv\machinelearning\c++\ml\ml\x64\debug\enum.obj
f:\5a_3djv\machinelearning\c++\ml\ml\x64\debug\struct.obj
f:\5a_3djv\machinelearning\git\machinelearning\ml\ml\x64\debug\vc141.pdb
f:\5a_3djv\machinelearning\git\machinelearning\ml\ml\x64\debug\vc141.idb
f:\5a_3djv\machinelearning\git\machinelearning\ml\ml\x64\debug\enum.obj
f:\5a_3djv\machinelearning\git\machinelearning\ml\ml\x64\debug\linearyclassification.obj
f:\5a_3djv\machinelearning\git\machinelearning\ml\ml\x64\debug\source.obj
f:\5a_3djv\machinelearning\git\machinelearning\ml\ml\x64\debug\function.obj
f:\5a_3djv\machinelearning\c++\ml\x64\debug\ml.exe
f:\5a_3djv\machinelearning\c++\ml\x64\debug\ml.ilk
f:\5a_3djv\machinelearning\c++\ml\x64\debug\ml.pdb
f:\5a_3djv\machinelearning\git\machinelearning\ml\x64\debug\ml.exe
f:\5a_3djv\machinelearning\git\machinelearning\ml\x64\debug\ml.ilk
f:\5a_3djv\machinelearning\git\machinelearning\ml\x64\debug\ml.pdb
f:\5a_3djv\machinelearning\git\machinelearning\ml\ml\x64\debug\struct.obj
f:\5a_3djv\machinelearning\git\machinelearning\ml\ml\x64\debug\ml.tlog\cl.command.1.tlog
f:\5a_3djv\machinelearning\git\machinelearning\ml\ml\x64\debug\ml.tlog\cl.read.1.tlog
f:\5a_3djv\machinelearning\git\machinelearning\ml\ml\x64\debug\ml.tlog\cl.write.1.tlog
f:\5a_3djv\machinelearning\git\machinelearning\ml\ml\x64\debug\ml.tlog\link.command.1.tlog
f:\5a_3djv\machinelearning\git\machinelearning\ml\ml\x64\debug\ml.tlog\link.read.1.tlog
f:\5a_3djv\machinelearning\git\machinelearning\ml\ml\x64\debug\ml.tlog\link.write.1.tlog
